<?xml version="1.0" encoding="UTF-8"?>
<!-- Generated by org.testng.reporters.JUnitReportReporter -->
<testsuite hostname="LAPTOP-LUUND0DS" failures="0" tests="1" name="hrmsTestscripts.TC001$tc001" time="3.046" errors="0" timestamp="19 Jul 2021 06:42:18 GMT">
  <testcase classname="hrmsTestscripts.TC001$tc001" name="tc001" time="3.046"/>
</testsuite> <!-- hrmsTestscripts.TC001$tc001 -->
