<?xml version="1.0" encoding="UTF-8"?>
<!-- Generated by org.testng.reporters.JUnitReportReporter -->
<testsuite hostname="LAPTOP-LUUND0DS" failures="0" tests="1" name="hrmsTestscripts.TC002$tc002" time="5.782" errors="0" timestamp="19 Jul 2021 06:42:18 GMT">
  <testcase classname="hrmsTestscripts.TC002$tc002" name="tc002" time="5.782"/>
</testsuite> <!-- hrmsTestscripts.TC002$tc002 -->
